\BOOKMARK [1][-]{Doc-Start}{Abstract}{}% 1
\BOOKMARK [1][-]{section.1}{Introduction}{}% 2
\BOOKMARK [1][-]{section.2}{Motivation}{}% 3
\BOOKMARK [1][-]{section.3}{Background}{}% 4
\BOOKMARK [2][-]{subsection.3.1}{Introduction of Idris}{section.3}% 5
\BOOKMARK [2][-]{subsection.3.2}{Dijkstra's and Bellman-Ford algorithms}{section.3}% 6
\BOOKMARK [1][-]{section.4}{Overview of Algorithms Implementations and Proofs of Correctness}{}% 7
\BOOKMARK [2][-]{subsection.4.1}{Dijkstra's Algorithm}{section.4}% 8
\BOOKMARK [3][-]{subsubsection.4.1.1}{Data Structures}{subsection.4.1}% 9
\BOOKMARK [3][-]{subsubsection.4.1.2}{Definition}{subsection.4.1}% 10
\BOOKMARK [3][-]{subsubsection.4.1.3}{Pseudocode}{subsection.4.1}% 11
\BOOKMARK [3][-]{subsubsection.4.1.4}{Proof of Correctness}{subsection.4.1}% 12
\BOOKMARK [1][-]{section.5}{Concrete Implementation of Dijkstra's Verification}{}% 13
\BOOKMARK [2][-]{subsection.5.1}{Data Structures}{section.5}% 14
\BOOKMARK [2][-]{subsection.5.2}{Implementation of Dijkstra's Algorithm}{section.5}% 15
\BOOKMARK [2][-]{subsection.5.3}{Lemmas}{section.5}% 16
\BOOKMARK [2][-]{subsection.5.4}{Verification of Correctness}{section.5}% 17
\BOOKMARK [1][-]{section.6}{Discussion}{}% 18
\BOOKMARK [1][-]{section.7}{Related Work}{}% 19
\BOOKMARK [1][-]{section.8}{Conclusion}{}% 20
